빌드 시작: 2019-03-22 오후 10:19:10
     1>2 노드의 "C:\Users\JunY\Documents\Visual Studio 2010\Projects\Week2_Day2\Week2__\Week2__.vcxproj" 프로젝트(build 대상)입니다.
     1>InitializeBuildStatus:
         "AlwaysCreate"이(가) 지정되었기 때문에 "Debug\Week2__.unsuccessfulbuild"을(를) 만들고 있습니다.
       ClCompile:
         c:\Program Files (x86)\Microsoft Visual Studio 10.0\VC\bin\CL.exe /c /ZI /nologo /W3 /WX- /Od /Oy- /D WIN32 /D _DEBUG /D _CONSOLE /D _UNICODE /D UNICODE /Gm /EHsc /RTC1 /MDd /GS /fp:precise /Zc:wchar_t /Zc:forScope /Fo"Debug\\" /Fd"Debug\vc100.pdb" /Gd /TP /analyze- /errorReport:prompt ex07_class4._default_sangsung.cpp
         ex07_class4._default_sangsung.cpp
       ManifestResourceCompile:
         모든 출력이 최신 상태입니다.
       Link:
         c:\Program Files (x86)\Microsoft Visual Studio 10.0\VC\bin\link.exe /ERRORREPORT:PROMPT /OUT:"C:\Users\JunY\Documents\Visual Studio 2010\Projects\Week2_Day2\Debug\Week2__.exe" /INCREMENTAL /NOLOGO kernel32.lib user32.lib gdi32.lib winspool.lib comdlg32.lib advapi32.lib shell32.lib ole32.lib oleaut32.lib uuid.lib odbc32.lib odbccp32.lib /MANIFEST /ManifestFile:"Debug\Week2__.exe.intermediate.manifest" /MANIFESTUAC:"level='asInvoker' uiAccess='false'" /DEBUG /PDB:"C:\Users\JunY\Documents\Visual Studio 2010\Projects\Week2_Day2\Debug\Week2__.pdb" /SUBSYSTEM:CONSOLE /TLBID:1 /DYNAMICBASE /NXCOMPAT /IMPLIB:"C:\Users\JunY\Documents\Visual Studio 2010\Projects\Week2_Day2\Debug\Week2__.lib" /MACHINE:X86 Debug\Week2__.exe.embed.manifest.res
         Debug\ex08_class5.obj
         Debug\ex05_class2_sansungja2.obj
         Debug\ex07_class4._default_sangsung.obj
         Debug\ex01_struct.obj
         Debug\ex02_struct2.obj
         Debug\ex03_struct3_class.obj
         Debug\ex04_class_sansungja.obj
         Debug\ex06_class3_inja_sansungja.obj
         Debug\ex_error.obj
         Debug\exxx.obj
     1>MSVCRTD.lib(crtexe.obj) : error LNK2019: _main 외부 기호(참조 위치: ___tmainCRTStartup 함수)에서 확인하지 못했습니다.
     1>C:\Users\JunY\Documents\Visual Studio 2010\Projects\Week2_Day2\Debug\Week2__.exe : fatal error LNK1120: 1개의 확인할 수 없는 외부 참조입니다.
     1>"C:\Users\JunY\Documents\Visual Studio 2010\Projects\Week2_Day2\Week2__\Week2__.vcxproj" 프로젝트를 빌드했습니다(build 대상). - 실패

빌드하지 못했습니다.

경과 시간: 00:00:01.46
